<?xml version="1.0" encoding="UTF-8"?>
<!-- Generated by org.testng.reporters.JUnitReportReporter -->
<testsuite hostname="DESKTOP-U1MG85P" failures="0" tests="2" name="com.videostori.testcases.TC03_userManagement" time="10.563" errors="0" timestamp="2023-12-27T18:22:28 IST" skipped="0">
  <testcase classname="com.videostori.testcases.TC03_userManagement" name="LogInTest" time="7.176"/>
  <testcase classname="com.videostori.testcases.TC03_userManagement" name="UsermanagementTest" time="3.387"/>
</testsuite> <!-- com.videostori.testcases.TC03_userManagement -->
