<?xml version="1.0" encoding="UTF-8"?>
<!-- Generated by org.testng.reporters.JUnitReportReporter -->
<testsuite hostname="DESKTOP-U1MG85P" failures="0" tests="2" name="com.videostori.testcases.TC04_importVideo" time="10.944" errors="0" timestamp="2023-12-28T12:48:07 IST" skipped="0">
  <testcase classname="com.videostori.testcases.TC04_importVideo" name="LogInTest" time="6.685"/>
  <testcase classname="com.videostori.testcases.TC04_importVideo" name="TC04_importVideo" time="4.259"/>
</testsuite> <!-- com.videostori.testcases.TC04_importVideo -->
