<?xml version="1.0" encoding="UTF-8"?>
<!-- Generated by org.testng.reporters.JUnitReportReporter -->
<testsuite hostname="DESKTOP-U1MG85P" failures="0" tests="1" name="com.videostori.testcases.TC01_signupPage" time="7.704" errors="0" timestamp="2023-12-28T10:32:12 IST" skipped="0">
  <testcase classname="com.videostori.testcases.TC01_signupPage" name="registration" time="7.704"/>
</testsuite> <!-- com.videostori.testcases.TC01_signupPage -->
